<?xml version="1.0" encoding="UTF-8"?>
<testsuite xmlns:xsi="http://www.w3.org/2001/XMLSchema-instance" xsi:noNamespaceSchemaLocation="https://maven.apache.org/surefire/maven-surefire-plugin/xsd/surefire-test-report-3.0.xsd" version="3.0" name="com.example.taskmanager.repository.TaskRepositoryTests" time="1.393" tests="25" errors="0" skipped="0" failures="0">
  <properties>
[...]
</properties>
  <testcase name="testSaveTask_MaxLength_Description" classname="com.example.taskmanager.repository.TaskRepositoryTests" time="0.037">
    <system-out><![CDATA[2025-12-02T13:15:03.219+01:00  INFO 37108 --- [           main] t.c.s.AnnotationConfigContextLoaderUtils : Could not detect default configuration classes for test class [com.example.taskmanager.repository.TaskRepositoryTests]: TaskRepositoryTests does not declare any static, non-private, non-final, nested classes annotated with @Configuration.
2025-12-02T13:15:03.267+01:00  INFO 37108 --- [           main] .b.t.c.SpringBootTestContextBootstrapper : Found @SpringBootConfiguration com.example.taskmanager.TaskManagerApplication for test class com.example.taskmanager.repository.TaskRepositoryTests

  .   ____          _            __ _ _
 /\\ / ___'_ __ _ _(_)_ __  __ _ \ \ \ \
( ( )\___ | '_ | '_| | '_ \/ _` | \ \ \ \
 \\/  ___)| |_)| | | | | || (_| |  ) ) ) )
  '  |____| .__|_| |_|_| |_\__, | / / / /
 =========|_|==============|___/=/_/_/_/
 :: Spring Boot ::                (v3.2.0)

2025-12-02T13:15:03.336+01:00  INFO 37108 --- [           main] c.e.t.repository.TaskRepositoryTests     : Starting TaskRepositoryTests using Java 21.0.5 with PID 37108 (started by patrick.lapsien in C:\workspace\task-manager\backend)
2025-12-02T13:15:03.336+01:00  INFO 37108 --- [           main] c.e.t.repository.TaskRepositoryTests     : No active profile set, falling back to 1 default profile: "default"
2025-12-02T13:15:03.486+01:00  INFO 37108 --- [           main] .s.d.r.c.RepositoryConfigurationDelegate : Bootstrapping Spring Data JPA repositories in DEFAULT mode.
2025-12-02T13:15:03.501+01:00  INFO 37108 --- [           main] .s.d.r.c.RepositoryConfigurationDelegate : Finished Spring Data repository scanning in 14 ms. Found 1 JPA repository interface.
2025-12-02T13:15:03.525+01:00  INFO 37108 --- [           main] beddedDataSourceBeanFactoryPostProcessor : Replacing 'dataSource' DataSource bean with embedded version
2025-12-02T13:15:03.554+01:00  INFO 37108 --- [           main] o.s.j.d.e.EmbeddedDatabaseFactory        : Starting embedded database: url='jdbc:h2:mem:f9a64b07-6248-4da8-87dc-c5f578d4eebc;DB_CLOSE_DELAY=-1;DB_CLOSE_ON_EXIT=false', username='sa'
2025-12-02T13:15:03.580+01:00  INFO 37108 --- [           main] o.hibernate.jpa.internal.util.LogHelper  : HHH000204: Processing PersistenceUnitInfo [name: default]
2025-12-02T13:15:03.586+01:00  INFO 37108 --- [           main] o.h.c.internal.RegionFactoryInitiator    : HHH000026: Second-level cache disabled
2025-12-02T13:15:03.593+01:00  INFO 37108 --- [           main] o.s.o.j.p.SpringPersistenceUnitInfo      : No LoadTimeWeaver setup: ignoring JPA class transformer
2025-12-02T13:15:03.644+01:00  INFO 37108 --- [           main] o.h.e.t.j.p.i.JtaPlatformInitiator       : HHH000489: No JTA platform available (set 'hibernate.transaction.jta.platform' to enable JTA platform integration)
Hibernate: create table tasks (id bigint generated by default as identity, description varchar(255), due_date date, status varchar(255) check (status in ('TODO','IN_PROGRESS','DONE')), title varchar(255), primary key (id))
2025-12-02T13:15:03.649+01:00  INFO 37108 --- [           main] j.LocalContainerEntityManagerFactoryBean : Initialized JPA EntityManagerFactory for persistence unit 'default'
2025-12-02T13:15:03.725+01:00  INFO 37108 --- [           main] c.e.t.repository.TaskRepositoryTests     : Started TaskRepositoryTests in 0.452 seconds (process running for 11.067)
Hibernate: select t1_0.id,t1_0.description,t1_0.due_date,t1_0.status,t1_0.title from tasks t1_0
Hibernate: insert into tasks (description,due_date,status,title,id) values (?,?,?,?,default)
]]></system-out>
  </testcase>
  <testcase name="testFindById_AfterDelete" classname="com.example.taskmanager.repository.TaskRepositoryTests" time="0.015">
    <system-out><![CDATA[Hibernate: select t1_0.id,t1_0.description,t1_0.due_date,t1_0.status,t1_0.title from tasks t1_0
Hibernate: insert into tasks (description,due_date,status,title,id) values (?,?,?,?,default)
]]></system-out>
  </testcase>
  <testcase name="testSaveTask_SpecialCharacters" classname="com.example.taskmanager.repository.TaskRepositoryTests" time="0.011">
    <system-out><![CDATA[Hibernate: select t1_0.id,t1_0.description,t1_0.due_date,t1_0.status,t1_0.title from tasks t1_0
Hibernate: insert into tasks (description,due_date,status,title,id) values (?,?,?,?,default)
]]></system-out>
  </testcase>
  <testcase name="testDeleteById_Success" classname="com.example.taskmanager.repository.TaskRepositoryTests" time="0.011">
    <system-out><![CDATA[Hibernate: select t1_0.id,t1_0.description,t1_0.due_date,t1_0.status,t1_0.title from tasks t1_0
Hibernate: insert into tasks (description,due_date,status,title,id) values (?,?,?,?,default)
]]></system-out>
  </testcase>
  <testcase name="testDelete_Success" classname="com.example.taskmanager.repository.TaskRepositoryTests" time="0.011">
    <system-out><![CDATA[Hibernate: select t1_0.id,t1_0.description,t1_0.due_date,t1_0.status,t1_0.title from tasks t1_0
Hibernate: insert into tasks (description,due_date,status,title,id) values (?,?,?,?,default)
]]></system-out>
  </testcase>
  <testcase name="testCount" classname="com.example.taskmanager.repository.TaskRepositoryTests" time="0.416">
    <system-out><![CDATA[Hibernate: select t1_0.id,t1_0.description,t1_0.due_date,t1_0.status,t1_0.title from tasks t1_0
Hibernate: select count(*) from tasks t1_0
Hibernate: insert into tasks (description,due_date,status,title,id) values (?,?,?,?,default)
Hibernate: insert into tasks (description,due_date,status,title,id) values (?,?,?,?,default)
Hibernate: select count(*) from tasks t1_0
]]></system-out>
  </testcase>
  <testcase name="testUpdate_MultipleFields" classname="com.example.taskmanager.repository.TaskRepositoryTests" time="0.009">
    <system-out><![CDATA[Hibernate: select t1_0.id,t1_0.description,t1_0.due_date,t1_0.status,t1_0.title from tasks t1_0
Hibernate: insert into tasks (description,due_date,status,title,id) values (?,?,?,?,default)
]]></system-out>
  </testcase>
  <testcase name="testSaveTask_MultipleStatuses" classname="com.example.taskmanager.repository.TaskRepositoryTests" time="0.019">
    <system-out><![CDATA[Hibernate: select t1_0.id,t1_0.description,t1_0.due_date,t1_0.status,t1_0.title from tasks t1_0
Hibernate: insert into tasks (description,due_date,status,title,id) values (?,?,?,?,default)
Hibernate: insert into tasks (description,due_date,status,title,id) values (?,?,?,?,default)
Hibernate: insert into tasks (description,due_date,status,title,id) values (?,?,?,?,default)
Hibernate: select t1_0.id,t1_0.description,t1_0.due_date,t1_0.status,t1_0.title from tasks t1_0
]]></system-out>
  </testcase>
  <testcase name="testFindAll_Success" classname="com.example.taskmanager.repository.TaskRepositoryTests" time="0.015">
    <system-out><![CDATA[Hibernate: select t1_0.id,t1_0.description,t1_0.due_date,t1_0.status,t1_0.title from tasks t1_0
Hibernate: insert into tasks (description,due_date,status,title,id) values (?,?,?,?,default)
Hibernate: insert into tasks (description,due_date,status,title,id) values (?,?,?,?,default)
Hibernate: insert into tasks (description,due_date,status,title,id) values (?,?,?,?,default)
Hibernate: select t1_0.id,t1_0.description,t1_0.due_date,t1_0.status,t1_0.title from tasks t1_0
]]></system-out>
  </testcase>
  <testcase name="testDeleteById_NonExistent" classname="com.example.taskmanager.repository.TaskRepositoryTests" time="0.011">
    <system-out><![CDATA[Hibernate: select t1_0.id,t1_0.description,t1_0.due_date,t1_0.status,t1_0.title from tasks t1_0
Hibernate: select t1_0.id,t1_0.description,t1_0.due_date,t1_0.status,t1_0.title from tasks t1_0 where t1_0.id=?
]]></system-out>
  </testcase>
  <testcase name="testExistsById_True" classname="com.example.taskmanager.repository.TaskRepositoryTests" time="0.082">
    <system-out><![CDATA[Hibernate: select t1_0.id,t1_0.description,t1_0.due_date,t1_0.status,t1_0.title from tasks t1_0
Hibernate: insert into tasks (description,due_date,status,title,id) values (?,?,?,?,default)
Hibernate: select count(*) from tasks t1_0 where t1_0.id=?
]]></system-out>
  </testcase>
  <testcase name="testFindAll_AfterPartialDelete" classname="com.example.taskmanager.repository.TaskRepositoryTests" time="0.018">
    <system-out><![CDATA[Hibernate: select t1_0.id,t1_0.description,t1_0.due_date,t1_0.status,t1_0.title from tasks t1_0
Hibernate: insert into tasks (description,due_date,status,title,id) values (?,?,?,?,default)
Hibernate: insert into tasks (description,due_date,status,title,id) values (?,?,?,?,default)
Hibernate: insert into tasks (description,due_date,status,title,id) values (?,?,?,?,default)
Hibernate: delete from tasks where id=?
Hibernate: select t1_0.id,t1_0.description,t1_0.due_date,t1_0.status,t1_0.title from tasks t1_0
]]></system-out>
  </testcase>
  <testcase name="testExistsById_False" classname="com.example.taskmanager.repository.TaskRepositoryTests" time="0.01">
    <system-out><![CDATA[Hibernate: select t1_0.id,t1_0.description,t1_0.due_date,t1_0.status,t1_0.title from tasks t1_0
Hibernate: select count(*) from tasks t1_0 where t1_0.id=?
]]></system-out>
  </testcase>
  <testcase name="testDeleteAll" classname="com.example.taskmanager.repository.TaskRepositoryTests" time="0.027">
    <system-out><![CDATA[Hibernate: select t1_0.id,t1_0.description,t1_0.due_date,t1_0.status,t1_0.title from tasks t1_0
Hibernate: insert into tasks (description,due_date,status,title,id) values (?,?,?,?,default)
Hibernate: insert into tasks (description,due_date,status,title,id) values (?,?,?,?,default)
Hibernate: insert into tasks (description,due_date,status,title,id) values (?,?,?,?,default)
Hibernate: select count(*) from tasks t1_0
Hibernate: select t1_0.id,t1_0.description,t1_0.due_date,t1_0.status,t1_0.title from tasks t1_0
Hibernate: delete from tasks where id=?
Hibernate: delete from tasks where id=?
Hibernate: delete from tasks where id=?
Hibernate: select count(*) from tasks t1_0
Hibernate: select t1_0.id,t1_0.description,t1_0.due_date,t1_0.status,t1_0.title from tasks t1_0
]]></system-out>
  </testcase>
  <testcase name="testUpdate_ClearFields" classname="com.example.taskmanager.repository.TaskRepositoryTests" time="0.014">
    <system-out><![CDATA[Hibernate: select t1_0.id,t1_0.description,t1_0.due_date,t1_0.status,t1_0.title from tasks t1_0
Hibernate: insert into tasks (description,due_date,status,title,id) values (?,?,?,?,default)
]]></system-out>
  </testcase>
  <testcase name="testFindById_Success" classname="com.example.taskmanager.repository.TaskRepositoryTests" time="0.012">
    <system-out><![CDATA[Hibernate: select t1_0.id,t1_0.description,t1_0.due_date,t1_0.status,t1_0.title from tasks t1_0
Hibernate: insert into tasks (description,due_date,status,title,id) values (?,?,?,?,default)
]]></system-out>
  </testcase>
  <testcase name="testSaveTask_MaxLength_Title" classname="com.example.taskmanager.repository.TaskRepositoryTests" time="0.011">
    <system-out><![CDATA[Hibernate: select t1_0.id,t1_0.description,t1_0.due_date,t1_0.status,t1_0.title from tasks t1_0
Hibernate: insert into tasks (description,due_date,status,title,id) values (?,?,?,?,default)
]]></system-out>
  </testcase>
  <testcase name="testSaveTask_WithoutDescription" classname="com.example.taskmanager.repository.TaskRepositoryTests" time="0.014">
    <system-out><![CDATA[Hibernate: select t1_0.id,t1_0.description,t1_0.due_date,t1_0.status,t1_0.title from tasks t1_0
Hibernate: insert into tasks (description,due_date,status,title,id) values (?,?,?,?,default)
]]></system-out>
  </testcase>
  <testcase name="testSaveTask_DefaultStatus" classname="com.example.taskmanager.repository.TaskRepositoryTests" time="0.013">
    <system-out><![CDATA[Hibernate: select t1_0.id,t1_0.description,t1_0.due_date,t1_0.status,t1_0.title from tasks t1_0
Hibernate: insert into tasks (description,due_date,status,title,id) values (?,?,?,?,default)
]]></system-out>
  </testcase>
  <testcase name="testFindById_NotFound" classname="com.example.taskmanager.repository.TaskRepositoryTests" time="0.011">
    <system-out><![CDATA[Hibernate: select t1_0.id,t1_0.description,t1_0.due_date,t1_0.status,t1_0.title from tasks t1_0
Hibernate: select t1_0.id,t1_0.description,t1_0.due_date,t1_0.status,t1_0.title from tasks t1_0 where t1_0.id=?
]]></system-out>
  </testcase>
  <testcase name="testUpdate_Success" classname="com.example.taskmanager.repository.TaskRepositoryTests" time="0.011">
    <system-out><![CDATA[Hibernate: select t1_0.id,t1_0.description,t1_0.due_date,t1_0.status,t1_0.title from tasks t1_0
Hibernate: insert into tasks (description,due_date,status,title,id) values (?,?,?,?,default)
]]></system-out>
  </testcase>
  <testcase name="testFindAll_Empty" classname="com.example.taskmanager.repository.TaskRepositoryTests" time="0.012">
    <system-out><![CDATA[Hibernate: select t1_0.id,t1_0.description,t1_0.due_date,t1_0.status,t1_0.title from tasks t1_0
Hibernate: select t1_0.id,t1_0.description,t1_0.due_date,t1_0.status,t1_0.title from tasks t1_0
]]></system-out>
  </testcase>
  <testcase name="testConcurrentSaves" classname="com.example.taskmanager.repository.TaskRepositoryTests" time="0.034">
    <system-out><![CDATA[Hibernate: select t1_0.id,t1_0.description,t1_0.due_date,t1_0.status,t1_0.title from tasks t1_0
Hibernate: insert into tasks (description,due_date,status,title,id) values (?,?,?,?,default)
Hibernate: insert into tasks (description,due_date,status,title,id) values (?,?,?,?,default)
Hibernate: insert into tasks (description,due_date,status,title,id) values (?,?,?,?,default)
Hibernate: insert into tasks (description,due_date,status,title,id) values (?,?,?,?,default)
Hibernate: insert into tasks (description,due_date,status,title,id) values (?,?,?,?,default)
Hibernate: insert into tasks (description,due_date,status,title,id) values (?,?,?,?,default)
Hibernate: insert into tasks (description,due_date,status,title,id) values (?,?,?,?,default)
Hibernate: insert into tasks (description,due_date,status,title,id) values (?,?,?,?,default)
Hibernate: insert into tasks (description,due_date,status,title,id) values (?,?,?,?,default)
Hibernate: insert into tasks (description,due_date,status,title,id) values (?,?,?,?,default)
Hibernate: select count(*) from tasks t1_0
Hibernate: select t1_0.id,t1_0.description,t1_0.due_date,t1_0.status,t1_0.title from tasks t1_0
]]></system-out>
  </testcase>
  <testcase name="testSaveTask_WithoutDueDate" classname="com.example.taskmanager.repository.TaskRepositoryTests" time="0.01">
    <system-out><![CDATA[Hibernate: select t1_0.id,t1_0.description,t1_0.due_date,t1_0.status,t1_0.title from tasks t1_0
Hibernate: insert into tasks (description,due_date,status,title,id) values (?,?,?,?,default)
]]></system-out>
  </testcase>
  <testcase name="testSaveTask_Success" classname="com.example.taskmanager.repository.TaskRepositoryTests" time="0.009">
    <system-out><![CDATA[Hibernate: select t1_0.id,t1_0.description,t1_0.due_date,t1_0.status,t1_0.title from tasks t1_0
Hibernate: insert into tasks (description,due_date,status,title,id) values (?,?,?,?,default)
]]></system-out>
  </testcase>
</testsuite>